<?xml version="1.0" encoding="UTF-8"?>
<testsuite xmlns:xsi="http://www.w3.org/2001/XMLSchema-instance" xsi:noNamespaceSchemaLocation="https://maven.apache.org/surefire/maven-failsafe-plugin/xsd/failsafe-test-report-3.0.xsd" version="3.0" name="Get data on Weatherbit" time="14.585" tests="2" errors="0" skipped="0" failures="0">
  <properties>
[...]
</properties>
  <testcase name="Get current API data" classname="Get data on Weatherbit" time="13.276">
    <system-out><![CDATA[22:12:38.507 [pool-2-thread-1] INFO io.cucumber.core.plugin.SerenityReporter - Running feature from classpath:features/Jojonomic.feature

22:12:39.721 [pool-2-thread-1] INFO  - 

-------------------------------------------------------------------------------------
     _______. _______ .______       _______ .__   __.  __  .___________.____    ____ 
    /       ||   ____||   _  \     |   ____||  \ |  | |  | |           |\   \  /   / 
   |   (----`|  |__   |  |_)  |    |  |__   |   \|  | |  | `---|  |----` \   \/   /  
    \   \    |   __|  |      /     |   __|  |  . `  | |  |     |  |       \_    _/   
.----)   |   |  |____ |  |\  \----.|  |____ |  |\   | |  |     |  |         |  |     
|_______/    |_______|| _| `._____||_______||__| \__| |__|     |__|         |__|    
                                                                                     
 News and tutorials at http://www.serenity-bdd.info                                  
 Documentation at https://wakaleo.gitbooks.io/the-serenity-book/content/             
 Join the Serenity Community on Gitter: https://gitter.im/serenity-bdd/serenity-core 
 Serenity BDD Support and Training at http://serenity-bdd.info/#/trainingandsupport  
-------------------------------------------------------------------------------------


22:12:39.724 [pool-2-thread-1] DEBUG net.thucydides.core.steps.StepEventBus - Test suite started for story net.thucydides.core.model.Story@57860e94

22:12:39.726 [pool-2-thread-1] INFO  - Test Suite Started: Get data on Weatherbit



2
 Scenarios (
&amp#27;[32m2 passed&amp#27;[0m
)


10
 Steps (
&amp#27;[32m10 passed&amp#27;[0m
)


0m
16.080s






22:12:54.596 [pool-2-thread-1] DEBUG net.thucydides.core.reports.ReportService - Reporting formats: [JSON, HTML]

22:12:55.106 [pool-2-thread-1] DEBUG net.thucydides.core.reports.ReportService - Reporting formats: [JSON, HTML]

22:12:55.160 [pool-2-thread-1] DEBUG net.thucydides.core.reports.ReportService - Generating reports for 2 test outcomes using: net.thucydides.core.reports.json.JSONTestOutcomeReporter@31156d59

22:12:55.161 [pool-3-thread-1] DEBUG net.thucydides.core.reports.ReportService - Processing test outcome Get data on Weatherbit:Get current API data

22:12:55.161 [pool-3-thread-2] DEBUG net.thucydides.core.reports.ReportService - Processing test outcome Get data on Weatherbit:Get forecast API data

22:12:55.161 [pool-3-thread-1] INFO net.thucydides.core.reports.ReportService - net.thucydides.core.reports.json.JSONTestOutcomeReporter@31156d59: Generating report for test outcome: Get data on Weatherbit:Get current API data

22:12:55.162 [pool-3-thread-2] INFO net.thucydides.core.reports.ReportService - net.thucydides.core.reports.json.JSONTestOutcomeReporter@31156d59: Generating report for test outcome: Get data on Weatherbit:Get forecast API data

22:12:55.397 [pool-3-thread-1] DEBUG net.thucydides.core.reports.json.JSONTestOutcomeReporter - Generating JSON report for Get current API data to file C:\Users\ACER\Jojonomic-API-Automation\target\site\serenity\df9b6a0a72fa9a21611acbd9967881574ee6e12c4136dfdb01fc64fa6efde59e.json (using temp file C:\Users\ACER\Jojonomic-API-Automation\target\site\serenity\df9b6a0a72fa9a21611acbd9967881574ee6e12c4136dfdb01fc64fa6efde59e.json3ab1f620-0564-4a52-b227-a6ca21fe1804)

22:12:55.397 [pool-3-thread-2] DEBUG net.thucydides.core.reports.json.JSONTestOutcomeReporter - Generating JSON report for Get forecast API data to file C:\Users\ACER\Jojonomic-API-Automation\target\site\serenity\5db73945bfd7b35de372af0fdc5b8761b98bb836ea17de5e85751a556b4b7d5b.json (using temp file C:\Users\ACER\Jojonomic-API-Automation\target\site\serenity\5db73945bfd7b35de372af0fdc5b8761b98bb836ea17de5e85751a556b4b7d5b.json9e44362d-0fa6-48a6-9cf2-69897942de7b)

22:12:55.692 [pool-3-thread-1] DEBUG net.thucydides.core.reports.ReportService - Processing test outcome Get data on Weatherbit:Get current API data done

22:12:55.692 [pool-3-thread-2] DEBUG net.thucydides.core.reports.ReportService - Processing test outcome Get data on Weatherbit:Get forecast API data done

22:12:55.692 [pool-2-thread-1] DEBUG net.thucydides.core.reports.ReportService - Shutting down executor service

22:12:55.693 [pool-2-thread-1] DEBUG net.thucydides.core.reports.ReportService - Reports generated in: 533 ms

22:12:55.694 [pool-2-thread-1] DEBUG net.thucydides.core.reports.ReportService - Generating reports for 2 test outcomes using: net.thucydides.core.reports.html.HtmlAcceptanceTestReporter@2b350e

22:12:55.694 [pool-4-thread-1] DEBUG net.thucydides.core.reports.ReportService - Processing test outcome Get data on Weatherbit:Get current API data

22:12:55.694 [pool-4-thread-1] INFO net.thucydides.core.reports.ReportService - net.thucydides.core.reports.html.HtmlAcceptanceTestReporter@2b350e: Generating report for test outcome: Get data on Weatherbit:Get current API data

22:12:55.694 [pool-4-thread-2] DEBUG net.thucydides.core.reports.ReportService - Processing test outcome Get data on Weatherbit:Get forecast API data

22:12:55.695 [pool-4-thread-2] INFO net.thucydides.core.reports.ReportService - net.thucydides.core.reports.html.HtmlAcceptanceTestReporter@2b350e: Generating report for test outcome: Get data on Weatherbit:Get forecast API data

22:12:55.812 [pool-4-thread-1] DEBUG net.thucydides.core.requirements.model.cucumber.CucumberParser - Added feature Get data on Weatherbit

22:12:55.814 [pool-4-thread-2] DEBUG net.thucydides.core.requirements.model.cucumber.CucumberParser - Added feature Get data on Weatherbit

22:12:55.820 [pool-4-thread-1] DEBUG net.thucydides.core.requirements.BaseRequirementsService - Requirement found for test outcome Get current API data-[]: Optional[Requirement{name='Get data on Weatherbit', type='feature' parent = 'null', cardNumber='null'}]

22:12:55.820 [pool-4-thread-2] DEBUG net.thucydides.core.requirements.BaseRequirementsService - Requirement found for test outcome Get forecast API data-[]: Optional[Requirement{name='Get data on Weatherbit', type='feature' parent = 'null', cardNumber='null'}]

22:12:55.832 [pool-4-thread-1] DEBUG net.thucydides.core.requirements.BaseRequirementsService - Requirement found for test outcome Get current API data-[]: Optional[Requirement{name='Get data on Weatherbit', type='feature' parent = 'null', cardNumber='null'}]

22:12:55.833 [pool-4-thread-2] DEBUG net.thucydides.core.requirements.BaseRequirementsService - Requirement found for test outcome Get forecast API data-[]: Optional[Requirement{name='Get data on Weatherbit', type='feature' parent = 'null', cardNumber='null'}]

22:12:59.898 [pool-4-thread-2] DEBUG serenity.reporting - Generating report in 5db73945bfd7b35de372af0fdc5b8761b98bb836ea17de5e85751a556b4b7d5b.html

22:12:59.898 [pool-4-thread-1] DEBUG serenity.reporting - Generating report in df9b6a0a72fa9a21611acbd9967881574ee6e12c4136dfdb01fc64fa6efde59e.html

22:13:00.742 [pool-4-thread-1] DEBUG serenity.reporting - Generated report df9b6a0a72fa9a21611acbd9967881574ee6e12c4136dfdb01fc64fa6efde59e.html in 844 ms

22:13:00.742 [pool-4-thread-1] DEBUG net.thucydides.core.reports.ReportService - Processing test outcome Get data on Weatherbit:Get current API data done

22:13:00.752 [pool-4-thread-2] DEBUG serenity.reporting - Generated report 5db73945bfd7b35de372af0fdc5b8761b98bb836ea17de5e85751a556b4b7d5b.html in 854 ms

22:13:00.752 [pool-4-thread-2] DEBUG net.thucydides.core.reports.ReportService - Processing test outcome Get data on Weatherbit:Get forecast API data done

22:13:00.752 [pool-2-thread-1] DEBUG net.thucydides.core.reports.ReportService - Shutting down executor service

22:13:00.752 [pool-2-thread-1] DEBUG net.thucydides.core.reports.ReportService - Reports generated in: 5058 ms

22:13:01.401 [pool-2-thread-1] INFO io.cucumber.core.plugin.SerenityReporter - Cleanup test resources for URI classpath:features/Jojonomic.feature


@JojonomicAPI
Scenario Outline: Get current API data                                                                                     &amp#27;[90m# features/Jojonomic.feature:13&amp#27;[0m
22:12:40.521 [pool-2-thread-1] INFO io.cucumber.core.plugin.SerenityReporter - Running feature from classpath:features/Jojonomic.feature
22:12:41.539 [pool-2-thread-1] INFO  - 
  _____   ___   ___   _____     ___   _____     _     ___   _____   ___   ___  
 |_   _| | __| / __| |_   _|   / __| |_   _|   /_\   | _ \ |_   _| | __| |   \ 
   | |   | _|  \__ \   | |     \__ \   | |    / _ \  |   /   | |   | _|  | |) |
   |_|   |___| |___/   |_|     |___/   |_|   /_/ \_\ |_|_\   |_|   |___| |___/ 

Get current API data(get-data-on-weatherbit;get-current-api-data)
--------------------------------------------------------------------------------
22:12:41.826 [pool-2-thread-1] DEBUG net.thucydides.core.requirements.model.cucumber.CucumberParser - Added feature Get data on Weatherbit
22:12:43.858 [pool-2-thread-1] DEBUG net.thucydides.core.steps.StepInterceptor - STARTING STEP: JojonomicSetpDef.getCurrentAPIWithValidAsLatAndAsLonUsingKey - Set Get Current Data API
22:12:47.811 [pool-2-thread-1] DEBUG net.thucydides.core.steps.StepInterceptor - STEP DONE: Set Get Current Data API
  &amp#27;[32mGiven &amp#27;[0m&amp#27;[32mGet current API with valid &amp#27;[0m&amp#27;[32m&amp#27;[1m"40.730610"&amp#27;[0m&amp#27;[32m as lat and &amp#27;[0m&amp#27;[32m&amp#27;[1m"-73.935242"&amp#27;[0m&amp#27;[32m as lon using Key &amp#27;[0m&amp#27;[32m&amp#27;[1m"b45ca70eb57746b1be8dcb853cd8a20e"&amp#27;[0m &amp#27;[90m# starter.JojonomicStepDef.JojonomicSetpDef.getCurrentAPIWithValidAsLatAndAsLonUsingKey(java.lang.String,java.lang.String,java.lang.String)&amp#27;[0m
  &amp#27;[32mWhen &amp#27;[0m&amp#27;[32mSend get current API request&amp#27;[0m                                                                                        &amp#27;[90m# starter.JojonomicStepDef.JojonomicSetpDef.sendGetCurrentAPIRequest()&amp#27;[0m
  &amp#27;[32mThen &amp#27;[0m&amp#27;[32mStatus code should response &amp#27;[0m&amp#27;[32m&amp#27;[1m200&amp#27;[0m&amp#27;[32m OK&amp#27;[0m                                                                                  &amp#27;[90m# starter.JojonomicStepDef.JojonomicSetpDef.statusCodeShouldResponseOK(int)&amp#27;[0m
  &amp#27;[32mThen &amp#27;[0m&amp#27;[32mBody response should contain state_code &amp#27;[0m&amp#27;[32m&amp#27;[1m"NY"&amp#27;[0m                                                                        &amp#27;[90m# starter.JojonomicStepDef.JojonomicSetpDef.bodyResponseShouldContainState_code(java.lang.String)&amp#27;[0m
  &amp#27;[32mAnd &amp#27;[0m&amp#27;[32mValidate Get current API with valid JSon&amp#27;[0m                                                                             &amp#27;[90m# starter.JojonomicStepDef.JojonomicSetpDef.validateGetCurrentAPIWithValidJSon()&amp#27;[0m
22:12:53.229 [pool-2-thread-1] INFO  - 
  _____   ___   ___   _____     ___     _     ___   ___   ___   ___  
 |_   _| | __| / __| |_   _|   | _ \   /_\   / __| / __| | __| |   \ 
   | |   | _|  \__ \   | |     |  _/  / _ \  \__ \ \__ \ | _|  | |) |
   |_|   |___| |___/   |_|     |_|   /_/ \_\ |___/ |___/ |___| |___/ 

Get current API data
----------------------------------------------------------------------
]]></system-out>
  </testcase>
  <testcase name="Get forecast API data" classname="Get data on Weatherbit" time="1.309">
    <system-out><![CDATA[
@JojonomicAPI
Scenario: Get forecast API data                                                                  &amp#27;[90m# features/Jojonomic.feature:15&amp#27;[0m
22:12:53.237 [pool-2-thread-1] INFO io.cucumber.core.plugin.SerenityReporter - Running feature from classpath:features/Jojonomic.feature
22:12:53.239 [pool-2-thread-1] INFO  - 
  _____   ___   ___   _____     ___   _____     _     ___   _____   ___   ___  
 |_   _| | __| / __| |_   _|   / __| |_   _|   /_\   | _ \ |_   _| | __| |   \ 
   | |   | _|  \__ \   | |     \__ \   | |    / _ \  |   /   | |   | _|  | |) |
   |_|   |___| |___/   |_|     |___/   |_|   /_/ \_\ |_|_\   |_|   |___| |___/ 

Get forecast API data(get-data-on-weatherbit;get-forecast-api-data)
--------------------------------------------------------------------------------
  &amp#27;[32mGiven &amp#27;[0m&amp#27;[32mGet forecast API with &amp#27;[0m&amp#27;[32m&amp#27;[1m"27601"&amp#27;[0m&amp#27;[32m as postalcode using Key &amp#27;[0m&amp#27;[32m&amp#27;[1m"b45ca70eb57746b1be8dcb853cd8a20e"&amp#27;[0m &amp#27;[90m# starter.JojonomicStepDef.JojonomicSetpDef.getForecastAPIWithAsPostalcodeUsingKey(java.lang.String,java.lang.String)&amp#27;[0m
  &amp#27;[32mWhen &amp#27;[0m&amp#27;[32mSend get forecast API request&amp#27;[0m                                                             &amp#27;[90m# starter.JojonomicStepDef.JojonomicSetpDef.sendGetForecastAPIRequest()&amp#27;[0m
  &amp#27;[32mThen &amp#27;[0m&amp#27;[32mStatus code should response &amp#27;[0m&amp#27;[32m&amp#27;[1m200&amp#27;[0m&amp#27;[32m OK&amp#27;[0m                                                        &amp#27;[90m# starter.JojonomicStepDef.JojonomicSetpDef.statusCodeShouldResponseOK(int)&amp#27;[0m
  &amp#27;[32mThen &amp#27;[0m&amp#27;[32mBody response should contain timestamp_utc &amp#27;[0m&amp#27;[32m&amp#27;[1m"2023-03-11T13:00:00"&amp#27;[0m&amp#27;[32m and weather &amp#27;[0m&amp#27;[32m&amp#27;[1m"code : 800"&amp#27;[0m &amp#27;[90m# starter.JojonomicStepDef.JojonomicSetpDef.bodyResponseShouldContainTimestamp_utcAndWeather(java.lang.String,java.lang.String)&amp#27;[0m
  &amp#27;[32mAnd &amp#27;[0m&amp#27;[32mvalidate Get forecast API with valid Json&amp#27;[0m                                                  &amp#27;[90m# starter.JojonomicStepDef.JojonomicSetpDef.validateGetForecastAPIWithValidJson()&amp#27;[0m
22:12:54.541 [pool-2-thread-1] INFO  - 
  _____   ___   ___   _____     ___     _     ___   ___   ___   ___  
 |_   _| | __| / __| |_   _|   | _ \   /_\   / __| / __| | __| |   \ 
   | |   | _|  \__ \   | |     |  _/  / _ \  \__ \ \__ \ | _|  | |) |
   |_|   |___| |___/   |_|     |_|   /_/ \_\ |___/ |___/ |___| |___/ 

Get forecast API data
----------------------------------------------------------------------
]]></system-out>
  </testcase>
</testsuite>